2025-02-19T15:49:31.248Z [INFO]: add to cart succsess: erlangga.fie@gmail.com
2025-02-19T15:52:09.572Z [INFO]: add to cart succsess: erlangga.fie@gmail.com
2025-02-19T15:56:08.980Z [INFO]: add to cart succsess: erlangga.fie@gmail.com
2025-02-19T15:58:14.471Z [INFO]: get data event in cart succsess
2025-02-19T15:59:28.498Z [INFO]: Cart item deleted successfully
2025-02-19T16:01:15.124Z [INFO]: add to cart succsess: erlangga.fie@gmail.com
2025-02-20T16:40:11.532Z [INFO]: add to cart succsess: nobody.fie@gmail.com
2025-02-20T20:40:39.332Z [INFO]: updated checkin succsessfully: nobody.fie@gmail.com
<<<<<<< HEAD
2025-02-21T06:11:49.584Z [INFO]: add to cart succsess: nobody.fie@gmail.com
2025-02-21T10:03:42.398Z [INFO]: get data event in cart succsess
2025-02-21T18:39:17.784Z [INFO]: updated checkin succsessfully: nobody.fie@gmail.com
2025-02-22T05:10:43.226Z [INFO]: add to cart succsess: nobody.fie@gmail.com
2025-02-22T05:23:29.598Z [WARN]: Events not found
2025-02-22T05:23:59.687Z [WARN]: get data attendee customer succsess nobody.fie@gmail.com
=======
2025-02-21T11:06:15.083Z [WARN]: eventId and ticketCount is required
2025-02-21T11:07:16.129Z [WARN]: eventId and ticketCount is required
2025-02-21T11:10:38.968Z [INFO]: add to cart succsess: nobody.fie@gmail.com
2025-02-21T11:18:25.975Z [INFO]: add to cart succsess: nobody.fie@gmail.com
2025-02-21T11:18:34.906Z [INFO]: add to cart succsess: nobody.fie@gmail.com
2025-02-21T11:21:18.734Z [INFO]: add to cart succsess: nobody.fie@gmail.com
2025-02-21T11:22:36.142Z [INFO]: add to cart succsess: nobody.fie@gmail.com
2025-02-21T11:22:53.321Z [INFO]: add to cart succsess: nobody.fie@gmail.com
2025-02-21T11:23:47.180Z [INFO]: add to cart succsess: nobody.fie@gmail.com
2025-02-21T11:27:45.280Z [INFO]: add to cart succsess: asunakirito211@gmail.com
2025-02-21T11:27:51.831Z [INFO]: add to cart succsess: asunakirito211@gmail.com
2025-02-21T11:27:58.280Z [INFO]: add to cart succsess: asunakirito211@gmail.com
2025-02-21T11:28:20.049Z [INFO]: add to cart succsess: asunakirito211@gmail.com
2025-02-21T11:29:12.700Z [INFO]: add to cart succsess: asunakirito211@gmail.com
2025-02-21T11:29:28.327Z [INFO]: add to cart succsess: asunakirito211@gmail.com
2025-02-21T11:29:33.467Z [INFO]: add to cart succsess: asunakirito211@gmail.com
2025-02-21T11:29:46.267Z [INFO]: add to cart succsess: asunakirito211@gmail.com
2025-02-21T13:02:21.966Z [INFO]: add to cart succsess: asunakirito211@gmail.com
2025-02-21T13:51:04.431Z [INFO]: get data event in cart succsess
2025-02-21T14:17:43.094Z [INFO]: get data event in cart succsess
2025-02-21T14:18:14.772Z [INFO]: get data event in cart succsess
2025-02-21T14:19:28.262Z [INFO]: get data event in cart succsess
2025-02-21T14:30:22.412Z [INFO]: get data event in cart succsess
2025-02-21T14:55:35.956Z [INFO]: get data event in cart succsess
2025-02-21T14:56:16.297Z [INFO]: get data event in cart succsess
2025-02-21T15:08:08.449Z [INFO]: get data event in cart succsess
2025-02-21T15:12:52.041Z [INFO]: get data event in cart succsess
2025-02-21T15:13:19.851Z [INFO]: get data event in cart succsess
2025-02-21T15:17:36.605Z [INFO]: get data event in cart succsess
2025-02-21T15:18:32.647Z [INFO]: get data event in cart succsess
2025-02-21T15:18:40.909Z [INFO]: get data event in cart succsess
2025-02-21T15:18:41.987Z [INFO]: get data event in cart succsess
2025-02-21T15:19:32.181Z [INFO]: get data event in cart succsess
2025-02-21T15:19:33.212Z [INFO]: get data event in cart succsess
2025-02-21T15:20:52.572Z [INFO]: get data event in cart succsess
2025-02-21T15:20:53.585Z [INFO]: get data event in cart succsess
2025-02-21T15:22:22.596Z [INFO]: get data event in cart succsess
2025-02-21T15:22:24.756Z [INFO]: get data event in cart succsess
2025-02-21T15:25:20.860Z [INFO]: add to cart succsess: asunakirito211@gmail.com
2025-02-21T15:25:27.371Z [INFO]: add to cart succsess: asunakirito211@gmail.com
2025-02-21T15:27:27.072Z [INFO]: get data event in cart succsess
2025-02-21T15:27:28.122Z [INFO]: get data event in cart succsess
2025-02-21T15:32:27.452Z [INFO]: get data event in cart succsess
2025-02-21T15:33:28.157Z [INFO]: get data event in cart succsess
2025-02-21T15:36:42.445Z [INFO]: get data event in cart succsess
2025-02-21T15:44:50.985Z [INFO]: get data event in cart succsess
2025-02-21T15:44:56.163Z [INFO]: Cart item deleted successfully
2025-02-21T15:45:07.614Z [INFO]: get data event in cart succsess
2025-02-21T15:46:05.480Z [INFO]: get data event in cart succsess
2025-02-21T17:46:08.807Z [INFO]: get data event in cart succsess
2025-02-21T17:46:10.322Z [INFO]: get data event in cart succsess
2025-02-21T19:21:20.548Z [INFO]: add to cart succsess: nobody.fie@gmail.com
2025-02-21T19:28:17.925Z [INFO]: get data event in cart succsess
2025-02-21T19:28:18.995Z [INFO]: get data event in cart succsess
2025-02-21T19:29:25.896Z [INFO]: get data event in cart succsess
2025-02-21T19:29:27.616Z [INFO]: get data event in cart succsess
>>>>>>> ecfc3b4a3b3c04780eeb4d77670ba9603588a27e
2025-02-22T08:25:37.464Z [WARN]: get data attendee customer succsess nobody.fie@gmail.com
2025-02-22T08:25:39.172Z [INFO]: get data event in cart succsess
2025-02-22T08:25:41.316Z [WARN]: get data attendee customer succsess nobody.fie@gmail.com
2025-02-22T08:25:43.973Z [WARN]: get data attendee customer succsess nobody.fie@gmail.com
2025-02-22T08:25:47.121Z [WARN]: get data attendee customer succsess nobody.fie@gmail.com
2025-02-22T08:37:01.795Z [WARN]: get data attendee customer succsess nobody.fie@gmail.com
2025-02-22T08:37:07.341Z [WARN]: get data attendee customer succsess nobody.fie@gmail.com
2025-02-22T08:55:11.154Z [WARN]: get data attendee customer succsess nobody.fie@gmail.com
2025-02-22T08:55:12.109Z [WARN]: get data attendee customer succsess nobody.fie@gmail.com
2025-02-22T08:59:48.526Z [WARN]: get data attendee customer succsess nobody.fie@gmail.com
2025-02-22T08:59:50.475Z [WARN]: get data attendee customer succsess nobody.fie@gmail.com
2025-02-22T08:59:51.516Z [WARN]: get data attendee customer succsess nobody.fie@gmail.com
2025-02-22T08:59:52.520Z [WARN]: get data attendee customer succsess nobody.fie@gmail.com
2025-02-22T09:16:19.663Z [WARN]: get data attendee customer succsess nobody.fie@gmail.com
2025-02-22T09:16:20.612Z [WARN]: get data attendee customer succsess nobody.fie@gmail.com
2025-02-22T09:24:00.230Z [WARN]: get data attendee customer succsess nobody.fie@gmail.com
2025-02-22T09:24:01.226Z [WARN]: get data attendee customer succsess nobody.fie@gmail.com
2025-02-22T09:24:02.383Z [WARN]: get data attendee customer succsess nobody.fie@gmail.com
2025-02-22T09:24:03.641Z [WARN]: get data attendee customer succsess nobody.fie@gmail.com
2025-02-22T09:30:17.764Z [WARN]: get data attendee customer succsess nobody.fie@gmail.com
2025-02-22T09:30:19.601Z [WARN]: get data attendee customer succsess nobody.fie@gmail.com
2025-02-22T09:30:21.397Z [WARN]: get data attendee customer succsess nobody.fie@gmail.com
2025-02-22T09:30:23.403Z [WARN]: get data attendee customer succsess nobody.fie@gmail.com
2025-02-22T09:32:20.059Z [WARN]: get data attendee customer succsess nobody.fie@gmail.com
2025-02-22T09:32:22.404Z [WARN]: get data attendee customer succsess nobody.fie@gmail.com
2025-02-22T09:33:01.352Z [WARN]: get data attendee customer succsess nobody.fie@gmail.com
2025-02-22T09:33:03.351Z [WARN]: get data attendee customer succsess nobody.fie@gmail.com
2025-02-22T09:33:04.359Z [WARN]: get data attendee customer succsess nobody.fie@gmail.com
2025-02-22T09:33:05.633Z [WARN]: get data attendee customer succsess nobody.fie@gmail.com
2025-02-22T09:38:41.932Z [WARN]: get data attendee customer succsess nobody.fie@gmail.com
2025-02-22T09:39:56.693Z [WARN]: get data attendee customer succsess nobody.fie@gmail.com
2025-02-22T09:39:58.250Z [WARN]: get data attendee customer succsess nobody.fie@gmail.com
2025-02-22T09:39:59.735Z [WARN]: get data attendee customer succsess nobody.fie@gmail.com
2025-02-22T09:40:01.326Z [WARN]: get data attendee customer succsess nobody.fie@gmail.com
2025-02-22T09:42:15.160Z [WARN]: get data attendee customer succsess nobody.fie@gmail.com
2025-02-22T09:42:17.597Z [WARN]: get data attendee customer succsess nobody.fie@gmail.com
2025-02-22T09:46:38.022Z [WARN]: get data attendee customer succsess nobody.fie@gmail.com
2025-02-22T09:46:38.995Z [WARN]: get data attendee customer succsess nobody.fie@gmail.com
2025-02-22T09:46:40.492Z [WARN]: get data attendee customer succsess nobody.fie@gmail.com
2025-02-22T09:46:43.298Z [WARN]: get data attendee customer succsess nobody.fie@gmail.com
2025-02-22T09:48:12.814Z [WARN]: get data attendee customer succsess nobody.fie@gmail.com
2025-02-22T09:48:14.834Z [WARN]: get data attendee customer succsess nobody.fie@gmail.com
2025-02-22T09:48:18.124Z [WARN]: get data attendee customer succsess nobody.fie@gmail.com
2025-02-22T09:48:20.385Z [WARN]: get data attendee customer succsess nobody.fie@gmail.com
2025-02-22T10:34:29.294Z [INFO]: get detail attendee succsess: Sheep.fie@gmail.com
2025-02-22T10:36:14.045Z [WARN]: get data attendee customer succsess nobody.fie@gmail.com
2025-02-22T10:56:57.226Z [WARN]: user not found
2025-02-22T10:56:58.525Z [WARN]: user not found
2025-02-22T10:56:58.669Z [WARN]: get data attendee customer succsess nobody.fie@gmail.com
2025-02-22T10:56:59.794Z [WARN]: get data attendee customer succsess nobody.fie@gmail.com
2025-02-22T11:00:23.559Z [WARN]: user not found
2025-02-22T11:00:23.560Z [WARN]: get data attendee customer succsess nobody.fie@gmail.com
2025-02-22T11:00:27.674Z [WARN]: user not found
2025-02-22T11:00:28.198Z [WARN]: get data attendee customer succsess nobody.fie@gmail.com
2025-02-22T11:00:28.596Z [WARN]: user not found
2025-02-22T11:00:29.054Z [WARN]: user not found
2025-02-22T11:00:29.455Z [WARN]: get data attendee customer succsess nobody.fie@gmail.com
2025-02-22T11:00:30.923Z [WARN]: get data attendee customer succsess nobody.fie@gmail.com
2025-02-22T11:10:56.448Z [INFO]: get detail attendee succsess: Sheep.fie@gmail.com
2025-02-22T11:10:56.578Z [WARN]: get data attendee customer succsess nobody.fie@gmail.com
2025-02-22T11:11:44.472Z [INFO]: get detail attendee succsess: Sheep.fie@gmail.com
2025-02-22T11:15:02.925Z [INFO]: get detail attendee succsess: Sheep.fie@gmail.com
2025-02-22T11:15:03.940Z [WARN]: get data attendee customer succsess nobody.fie@gmail.com
2025-02-22T11:15:07.298Z [INFO]: get detail attendee succsess: Sheep.fie@gmail.com
2025-02-22T11:15:10.718Z [WARN]: get data attendee customer succsess nobody.fie@gmail.com
2025-02-22T11:15:12.936Z [INFO]: get detail attendee succsess: Sheep.fie@gmail.com
2025-02-22T11:15:16.398Z [WARN]: get data attendee customer succsess nobody.fie@gmail.com
2025-02-22T11:15:16.831Z [INFO]: get detail attendee succsess: Sheep.fie@gmail.com
2025-02-22T11:15:19.145Z [WARN]: get data attendee customer succsess nobody.fie@gmail.com
2025-02-22T11:15:19.728Z [INFO]: get detail attendee succsess: Sheep.fie@gmail.com
2025-02-22T11:15:23.407Z [WARN]: get data attendee customer succsess nobody.fie@gmail.com
2025-02-22T11:16:07.038Z [INFO]: get detail attendee succsess: Sheep.fie@gmail.com
2025-02-22T11:16:07.041Z [WARN]: get data attendee customer succsess nobody.fie@gmail.com
2025-02-22T11:16:09.773Z [INFO]: get detail attendee succsess: Sheep.fie@gmail.com
2025-02-22T11:16:09.776Z [WARN]: get data attendee customer succsess nobody.fie@gmail.com
2025-02-22T11:16:14.398Z [INFO]: get detail attendee succsess: Sheep.fie@gmail.com
2025-02-22T11:16:14.706Z [WARN]: get data attendee customer succsess nobody.fie@gmail.com
2025-02-22T11:16:16.465Z [INFO]: get detail attendee succsess: Sheep.fie@gmail.com
2025-02-22T11:16:17.004Z [WARN]: get data attendee customer succsess nobody.fie@gmail.com
2025-02-22T11:22:05.051Z [INFO]: get detail attendee succsess: Sheep.fie@gmail.com
2025-02-22T11:22:05.471Z [WARN]: get data attendee customer succsess nobody.fie@gmail.com
2025-02-22T11:22:38.143Z [WARN]: get data attendee customer succsess nobody.fie@gmail.com
2025-02-22T11:22:38.146Z [INFO]: get detail attendee succsess: Sheep.fie@gmail.com
2025-02-22T11:22:41.390Z [INFO]: get detail attendee succsess: Sheep.fie@gmail.com
2025-02-22T11:22:41.408Z [WARN]: get data attendee customer succsess nobody.fie@gmail.com
2025-02-22T11:22:43.086Z [INFO]: get detail attendee succsess: Sheep.fie@gmail.com
2025-02-22T11:22:43.456Z [WARN]: get data attendee customer succsess nobody.fie@gmail.com
2025-02-22T11:22:44.700Z [INFO]: get detail attendee succsess: Sheep.fie@gmail.com
2025-02-22T11:22:45.095Z [WARN]: get data attendee customer succsess nobody.fie@gmail.com
2025-02-22T11:31:08.556Z [INFO]: get detail attendee succsess: Sheep.fie@gmail.com
2025-02-22T11:33:46.285Z [INFO]: get detail attendee succsess: Sheep.fie@gmail.com
2025-02-22T11:33:46.297Z [WARN]: get data attendee customer succsess nobody.fie@gmail.com
2025-02-22T11:33:47.849Z [INFO]: get detail attendee succsess: Sheep.fie@gmail.com
2025-02-22T11:33:47.861Z [WARN]: get data attendee customer succsess nobody.fie@gmail.com
2025-02-22T11:33:49.591Z [INFO]: get detail attendee succsess: Sheep.fie@gmail.com
2025-02-22T11:33:49.696Z [WARN]: get data attendee customer succsess nobody.fie@gmail.com
2025-02-22T11:33:51.065Z [INFO]: get detail attendee succsess: Sheep.fie@gmail.com
2025-02-22T11:33:51.355Z [WARN]: get data attendee customer succsess nobody.fie@gmail.com
2025-02-22T11:34:28.889Z [WARN]: user not found
2025-02-22T11:34:29.356Z [WARN]: user not found
2025-02-22T11:34:29.370Z [WARN]: get data attendee customer succsess nobody.fie@gmail.com
2025-02-22T11:34:30.385Z [WARN]: get data attendee customer succsess nobody.fie@gmail.com
2025-02-22T11:44:51.981Z [WARN]: user not found
2025-02-22T11:44:52.925Z [WARN]: get data attendee customer succsess nobody.fie@gmail.com
2025-02-22T11:44:54.328Z [WARN]: user not found
2025-02-22T11:44:55.003Z [WARN]: get data attendee customer succsess nobody.fie@gmail.com
2025-02-22T11:44:55.055Z [WARN]: user not found
2025-02-22T11:44:55.887Z [WARN]: user not found
2025-02-22T11:44:56.509Z [WARN]: get data attendee customer succsess nobody.fie@gmail.com
2025-02-22T11:44:57.758Z [WARN]: get data attendee customer succsess nobody.fie@gmail.com
2025-02-22T11:59:39.544Z [WARN]: user not found
2025-02-22T11:59:40.593Z [WARN]: get data attendee customer succsess nobody.fie@gmail.com
2025-02-22T11:59:40.775Z [WARN]: user not found
2025-02-22T11:59:42.192Z [WARN]: user not found
2025-02-22T11:59:42.699Z [WARN]: get data attendee customer succsess nobody.fie@gmail.com
2025-02-22T11:59:42.912Z [WARN]: user not found
2025-02-22T11:59:44.041Z [WARN]: get data attendee customer succsess nobody.fie@gmail.com
2025-02-22T11:59:45.281Z [WARN]: get data attendee customer succsess nobody.fie@gmail.com
2025-02-22T13:14:10.837Z [WARN]: user not found
2025-02-22T13:14:11.238Z [WARN]: get data attendee customer succsess nobody.fie@gmail.com
2025-02-22T13:14:11.617Z [WARN]: user not found
2025-02-22T13:14:13.039Z [WARN]: get data attendee customer succsess nobody.fie@gmail.com
2025-02-22T13:16:50.173Z [INFO]: get detail attendee succsess: Sheep.fie@gmail.com
2025-02-22T13:16:50.801Z [WARN]: get data attendee customer succsess nobody.fie@gmail.com
2025-02-22T13:16:52.263Z [INFO]: get detail attendee succsess: Sheep.fie@gmail.com
2025-02-22T13:16:52.270Z [WARN]: get data attendee customer succsess nobody.fie@gmail.com
