2025-02-19T19:33:43.113Z [WARN]: voucher not available 
2025-02-19T19:35:38.812Z [WARN]: voucher not available 
2025-02-19T19:37:57.159Z [WARN]: voucher not available 
2025-02-19T19:46:57.367Z [WARN]: voucher not available 
2025-02-19T19:50:17.208Z [WARN]: voucher not available 
2025-02-19T20:00:51.663Z [WARN]: voucher not available 
2025-02-19T20:00:56.458Z [WARN]: voucher not available 
2025-02-19T20:13:14.563Z [WARN]: voucher not available 
2025-02-20T01:46:38.080Z [WARN]: voucher not available 
2025-02-20T01:53:37.606Z [WARN]: your voucher is not valid for this event DISC-GURPRN
2025-02-20T01:55:33.360Z [WARN]: your voucher is not valid for this event DISC-GURPRN
2025-02-20T01:58:51.762Z [WARN]: your voucher is not valid for this event DISC-GURPRN
2025-02-20T02:01:02.730Z [WARN]: your voucher is not valid for this event DISC-GURPRN
2025-02-20T02:02:57.851Z [WARN]: your voucher is not valid for this event DISC-GURPRN
2025-02-20T02:09:35.282Z [WARN]: your voucher is not valid for this event DISC-GURPRN
2025-02-20T02:25:18.802Z [WARN]: your voucher is not valid for this event DISC-GURPRN
2025-02-20T02:25:23.071Z [WARN]: your voucher is not valid for this event DISC-GURPRN
2025-02-20T02:31:38.296Z [WARN]: your voucher is not valid for this event DISC-GURPRN
2025-02-20T02:35:25.918Z [WARN]: Not enough point 0
2025-02-20T03:11:39.683Z [WARN]: voucher not available 
2025-02-20T03:19:51.271Z [INFO]: Your transaction succsess: nobody.fie@gmail.com
2025-02-20T03:49:27.071Z [INFO]: Your transaction succsess: nobody.fie@gmail.com
2025-02-20T11:12:53.563Z [INFO]: Your transaction succsess: nobody.fie@gmail.com
2025-02-20T11:32:47.901Z [INFO]: Your transaction succsess: nobody.fie@gmail.com
2025-02-20T15:14:45.897Z [INFO]: Update status succssesfully: nobody.fie@gmail.com
2025-02-20T15:34:10.100Z [INFO]: Your transaction succsess: nobody.fie@gmail.com
2025-02-20T16:44:01.986Z [INFO]: Your transaction succsess: nobody.fie@gmail.com
2025-02-20T18:17:44.514Z [WARN]: Event tidak ditemukan
2025-02-20T18:37:47.501Z [INFO]: Redirect URL Midtrans: https://app.sandbox.midtrans.com/snap/v4/redirection/42416c4b-9718-4bca-a7ed-6a9621d1cdad
2025-02-20T18:37:47.507Z [INFO]: Your transaction succsess: nobody.fie@gmail.com
2025-02-20T19:58:40.810Z [INFO]: updated paymentProof succsess: nobody.fie@gmail.com
2025-02-20T20:00:32.464Z [INFO]: updated paymentProof succsess: nobody.fie@gmail.com
2025-02-20T20:07:17.192Z [INFO]: updated paymentProof succsess: nobody.fie@gmail.com
2025-02-20T20:08:00.895Z [INFO]: updated paymentProof succsess: nobody.fie@gmail.com
2025-02-20T20:58:28.034Z [INFO]: Redirect URL Midtrans: https://app.sandbox.midtrans.com/snap/v4/redirection/2837d810-b679-4b74-981a-56fdfd61403b
2025-02-20T20:58:28.042Z [INFO]: Your transaction succsess: nobody.fie@gmail.com
2025-02-21T06:15:37.541Z [WARN]: Event tidak ditemukan
2025-02-21T06:16:27.092Z [INFO]: Redirect URL Midtrans: https://app.sandbox.midtrans.com/snap/v4/redirection/f529759e-67f5-482b-82a2-1037e9057b27
2025-02-21T06:16:27.094Z [INFO]: Your transaction succsess: nobody.fie@gmail.com
2025-02-21T06:27:34.318Z [INFO]: Update status succssesfully: nobody.fie@gmail.com
2025-02-21T18:28:11.518Z [INFO]: Redirect URL Midtrans: https://app.sandbox.midtrans.com/snap/v4/redirection/b133a907-ec59-41d0-8708-4fbb57214fd9
2025-02-21T18:28:11.521Z [INFO]: Your transaction succsess: nobody.fie@gmail.com
2025-02-21T18:36:15.466Z [INFO]: Update status succssesfully: nobody.fie@gmail.com
2025-02-21T18:41:29.253Z [INFO]: updated paymentProof succsess: nobody.fie@gmail.com
2025-02-22T05:12:15.183Z [WARN]: Event tidak ditemukan
2025-02-22T05:12:52.955Z [INFO]: Redirect URL Midtrans: https://app.sandbox.midtrans.com/snap/v4/redirection/9469ee33-ca93-45b8-947a-0c61a81710e1
2025-02-22T05:12:52.956Z [INFO]: Your transaction succsess: nobody.fie@gmail.com
2025-02-22T05:20:08.796Z [INFO]: Redirect URL Midtrans: https://app.sandbox.midtrans.com/snap/v4/redirection/c01b2653-c637-4871-956f-828484a70937
2025-02-22T05:20:08.803Z [INFO]: Your transaction succsess: Sheep.fie@gmail.com
2025-02-22T14:24:30.007Z [INFO]: Redirect URL Midtrans: https://app.sandbox.midtrans.com/snap/v4/redirection/789ae6af-2a5a-4031-9b2b-2dcd6294f651
2025-02-22T14:24:30.018Z [INFO]: Your transaction succsess: nobody.fie@gmail.com
