2025-02-17T12:52:39.165Z [INFO]: Batch 1 poin referral expired diproses.
2025-02-17T12:52:40.714Z [INFO]: No expired points found.
2025-02-17T16:44:00.846Z [INFO]: Running cron job: Deleting expired referral points...
2025-02-17T16:44:03.002Z [INFO]: Batch 1 poin referral expired diproses.
2025-02-17T16:46:00.596Z [INFO]: Running cron job: Deleting expired referral points...
2025-02-17T16:46:01.717Z [INFO]: No expired points found.
2025-02-17T16:49:00.817Z [INFO]: Running cron job: Deleting expired referral points...
2025-02-17T16:51:01.205Z [INFO]: Running cron job: Deleting expired referral points...
2025-02-17T16:51:10.665Z [INFO]: Processed 1 expired points.
2025-02-17T16:52:00.681Z [INFO]: Running cron job: Deleting expired referral points...
2025-02-17T16:52:02.060Z [INFO]: No expired points found.
2025-02-17T16:55:00.020Z [INFO]: Running cron job: Deleting expired referral points...
2025-02-17T16:55:01.483Z [INFO]: Processed 1 expired points.
2025-02-17T16:56:00.597Z [INFO]: Running cron job: Deleting expired referral points...
2025-02-17T16:56:00.959Z [INFO]: No expired points found.
2025-02-17T16:57:00.984Z [INFO]: Running cron job: Deleting expired referral points...
2025-02-17T16:57:01.168Z [INFO]: No expired points found.
2025-02-17T16:58:00.548Z [INFO]: Running cron job: Deleting expired referral points...
2025-02-17T16:58:00.812Z [INFO]: No expired points found.
2025-02-17T16:59:00.950Z [INFO]: Running cron job: Deleting expired referral points...
2025-02-17T16:59:01.187Z [INFO]: No expired points found.
2025-02-17T17:00:00.774Z [INFO]: Running cron job: Deleting expired referral points...
2025-02-17T17:00:01.837Z [INFO]: No expired points found.
2025-02-17T17:01:00.554Z [INFO]: Running cron job: Deleting expired referral points...
2025-02-17T17:01:01.154Z [INFO]: No expired points found.
2025-02-17T17:02:00.371Z [INFO]: Running cron job: Deleting expired referral points...
2025-02-17T17:02:01.150Z [INFO]: No expired points found.
2025-02-17T17:03:00.840Z [INFO]: Running cron job: Deleting expired referral points...
2025-02-17T17:03:01.338Z [INFO]: No expired points found.
2025-02-17T17:07:00.112Z [INFO]: Running cron job: Deleting expired referral points...
2025-02-17T17:07:01.567Z [INFO]: Batch 1 poin referral expired diproses.
2025-02-17T17:08:00.571Z [INFO]: Running cron job: Deleting expired referral points...
2025-02-17T17:08:01.099Z [INFO]: No expired points found.
2025-02-18T08:50:00.539Z [INFO]: Running cron job: Deleting expired referral points...
2025-02-18T08:50:09.503Z [ERROR]: Error in cronjob: PrismaClientInitializationError: 
Invalid `prisma.pointLog.findMany()` invocation in
C:\Users\User\Documents\latihan\mini-project\be-eventure\src\cronJob\expiredReferralPoint.ts:12:50

   9 "point-expiry-queue",
  10 async () => {
  11   try {
→ 12     const expiredPoint = await prisma.pointLog.findMany(
Can't reach database server at `aws-0-ap-southeast-1.pooler.supabase.com:6543`

Please make sure your database server is running at `aws-0-ap-southeast-1.pooler.supabase.com:6543`.
2025-02-18T08:51:00.107Z [INFO]: Running cron job: Deleting expired referral points...
2025-02-18T08:51:07.514Z [ERROR]: Error in cronjob: PrismaClientInitializationError: 
Invalid `prisma.pointLog.findMany()` invocation in
C:\Users\User\Documents\latihan\mini-project\be-eventure\src\cronJob\expiredReferralPoint.ts:12:50

   9 "point-expiry-queue",
  10 async () => {
  11   try {
→ 12     const expiredPoint = await prisma.pointLog.findMany(
Can't reach database server at `aws-0-ap-southeast-1.pooler.supabase.com:6543`

Please make sure your database server is running at `aws-0-ap-southeast-1.pooler.supabase.com:6543`.
2025-02-18T08:52:00.671Z [INFO]: Running cron job: Deleting expired referral points...
2025-02-18T08:52:03.985Z [INFO]: Batch 1 poin referral expired diproses.
2025-02-18T08:53:00.703Z [INFO]: Running cron job: Deleting expired referral points...
2025-02-18T08:53:01.488Z [INFO]: No expired points found.
2025-02-18T12:39:00.419Z [INFO]: Running cron job: Deleting expired referral points...
2025-02-18T12:39:01.038Z [ERROR]: Error in cronjob: PrismaClientValidationError: 
Invalid `prisma.pointLog.findMany()` invocation in
C:\Users\User\Documents\latihan\mini-project\be-eventure\src\cronJob\expiredReferralPoint.ts:17:50

  14 const warningThreshold = new Date();
  15 warningThreshold.setDate(now.getDate() + 3);
  16 
→ 17 const warningPoint = await prisma.pointLog.findMany({
       where: {
         expirationDate: {
           gte: new Date("2025-02-18T12:39:00.961Z"),
           lte: new Date("2025-02-21T12:39:00.961Z")
         },
         type: "EARNED"
       },
       include: {
         wallet: {
           select: {
           ~~~~~~
             id: true,
             points: true
           },
           include: {
           ~~~~~~~
             user: true
           }
         }
       }
     })

Please either use `include` or `select`, but not both at the same time.
2025-02-18T12:40:00.639Z [INFO]: Running cron job: Deleting expired referral points...
2025-02-18T12:40:02.013Z [ERROR]: Error in cronjob: PrismaClientValidationError: 
Invalid `prisma.pointLog.findMany()` invocation in
C:\Users\User\Documents\latihan\mini-project\be-eventure\src\cronJob\expiredReferralPoint.ts:17:50

  14 const warningThreshold = new Date();
  15 warningThreshold.setDate(now.getDate() + 3);
  16 
→ 17 const warningPoint = await prisma.pointLog.findMany({
       where: {
         expirationDate: {
           gte: new Date("2025-02-18T12:40:02.004Z"),
           lte: new Date("2025-02-21T12:40:02.004Z")
         },
         type: "EARNED"
       },
       include: {
         wallet: {
           select: {
           ~~~~~~
             id: true,
             points: true
           },
           include: {
           ~~~~~~~
             user: true
           }
         }
       }
     })

Please either use `include` or `select`, but not both at the same time.
2025-02-18T12:41:00.762Z [INFO]: Running cron job: Deleting expired referral points...
2025-02-18T12:41:01.256Z [ERROR]: Error in cronjob: PrismaClientValidationError: 
Invalid `prisma.pointLog.findMany()` invocation in
C:\Users\User\Documents\latihan\mini-project\be-eventure\src\cronJob\expiredReferralPoint.ts:17:50

  14 const warningThreshold = new Date();
  15 warningThreshold.setDate(now.getDate() + 3);
  16 
→ 17 const warningPoint = await prisma.pointLog.findMany({
       where: {
         expirationDate: {
           gte: new Date("2025-02-18T12:41:01.243Z"),
           lte: new Date("2025-02-21T12:41:01.243Z")
         },
         type: "EARNED"
       },
       include: {
         wallet: {
           select: {
           ~~~~~~
             id: true,
             points: true
           },
           include: {
           ~~~~~~~
             user: true
           }
         }
       }
     })

Please either use `include` or `select`, but not both at the same time.
2025-02-18T12:42:00.438Z [INFO]: Running cron job: Deleting expired referral points...
2025-02-18T12:42:01.087Z [ERROR]: Error in cronjob: PrismaClientValidationError: 
Invalid `prisma.pointLog.findMany()` invocation in
C:\Users\User\Documents\latihan\mini-project\be-eventure\src\cronJob\expiredReferralPoint.ts:17:50

  14 const warningThreshold = new Date();
  15 warningThreshold.setDate(now.getDate() + 3);
  16 
→ 17 const warningPoint = await prisma.pointLog.findMany({
       where: {
         expirationDate: {
           gte: new Date("2025-02-18T12:42:01.080Z"),
           lte: new Date("2025-02-21T12:42:01.080Z")
         },
         type: "EARNED"
       },
       include: {
         wallet: {
           select: {
           ~~~~~~
             id: true,
             points: true
           },
           include: {
           ~~~~~~~
             user: true
           }
         }
       }
     })

Please either use `include` or `select`, but not both at the same time.
2025-02-18T12:44:00.345Z [INFO]: Running cron job: Deleting expired referral points...
2025-02-18T12:44:07.017Z [ERROR]: Error in cronjob: PrismaClientInitializationError: 
Invalid `prisma.pointLog.findMany()` invocation in
C:\Users\User\Documents\latihan\mini-project\be-eventure\src\cronJob\expiredReferralPoint.ts:17:50

  14 const warningThreshold = new Date();
  15 warningThreshold.setDate(now.getDate() + 3);
  16 
→ 17 const warningPoint = await prisma.pointLog.findMany(
Can't reach database server at `aws-0-ap-southeast-1.pooler.supabase.com:6543`

Please make sure your database server is running at `aws-0-ap-southeast-1.pooler.supabase.com:6543`.
2025-02-18T12:45:00.399Z [INFO]: Running cron job: Deleting expired referral points...
2025-02-18T12:45:08.342Z [INFO]: Batch 1 poin referral expired diproses.
2025-02-18T12:46:00.045Z [INFO]: Running cron job: Deleting expired referral points...
2025-02-18T12:46:00.993Z [INFO]: No expired points found.
2025-02-18T12:47:00.312Z [INFO]: Running cron job: Deleting expired referral points...
2025-02-18T12:47:01.331Z [INFO]: No expired points found.
2025-02-18T12:48:00.939Z [INFO]: Running cron job: Deleting expired referral points...
2025-02-18T12:48:02.001Z [INFO]: No expired points found.
2025-02-18T12:49:00.124Z [INFO]: Running cron job: Deleting expired referral points...
2025-02-18T12:49:01.692Z [INFO]: No expired points found.
2025-02-18T12:50:00.195Z [INFO]: Running cron job: Deleting expired referral points...
2025-02-18T12:50:02.921Z [INFO]: No expired points found.
2025-02-18T12:51:00.079Z [INFO]: Running cron job: Deleting expired referral points...
2025-02-18T12:51:02.246Z [INFO]: No expired points found.
2025-02-18T12:52:00.859Z [INFO]: Running cron job: Deleting expired referral points...
2025-02-18T12:52:04.480Z [INFO]: No expired points found.
2025-02-18T12:53:00.814Z [INFO]: Running cron job: Deleting expired referral points...
2025-02-18T12:53:01.689Z [INFO]: No expired points found.
2025-02-18T12:55:00.442Z [INFO]: Running cron job: Deleting expired referral points...
2025-02-18T12:55:02.593Z [INFO]: Batch 1 poin referral expired diproses.
2025-02-18T12:57:00.278Z [INFO]: Running cron job: Deleting expired referral points...
2025-02-18T12:57:01.956Z [INFO]: No expired points found.
2025-02-18T12:58:00.949Z [INFO]: Running cron job: Deleting expired referral points...
2025-02-18T12:58:02.991Z [INFO]: No expired points found.
2025-02-18T13:01:00.282Z [INFO]: Running cron job: Deleting expired referral points...
2025-02-18T13:01:12.110Z [INFO]: Batch 1 poin referral expired diproses.
2025-02-18T13:18:00.480Z [INFO]: Running cron job: Deleting expired referral points...
2025-02-18T13:18:03.763Z [INFO]: No expired points found.
2025-02-18T13:19:00.556Z [INFO]: Running cron job: Deleting expired referral points...
2025-02-18T13:19:06.602Z [INFO]: No expired points found.
2025-02-18T13:21:00.536Z [INFO]: Running cron job: Deleting expired referral points...
2025-02-18T13:21:09.778Z [INFO]: No expired points found.
2025-02-18T13:22:00.098Z [INFO]: Running cron job: Deleting expired referral points...
2025-02-18T13:22:03.696Z [INFO]: No expired points found.
2025-02-18T13:23:00.819Z [INFO]: Running cron job: Deleting expired referral points...
2025-02-18T13:23:06.782Z [INFO]: No expired points found.
2025-02-18T13:24:00.410Z [INFO]: Running cron job: Deleting expired referral points...
2025-02-18T13:24:02.337Z [INFO]: No expired points found.
2025-02-18T13:25:00.331Z [INFO]: Running cron job: Deleting expired referral points...
2025-02-18T13:25:05.160Z [INFO]: No expired points found.
2025-02-18T13:26:00.545Z [INFO]: Running cron job: Deleting expired referral points...
2025-02-18T13:26:06.386Z [INFO]: No expired points found.
2025-02-18T13:27:00.599Z [INFO]: Running cron job: Deleting expired referral points...
2025-02-18T13:27:05.098Z [INFO]: No expired points found.
2025-02-18T13:28:00.992Z [INFO]: Running cron job: Deleting expired referral points...
2025-02-18T13:28:05.665Z [INFO]: No expired points found.
2025-02-18T13:29:00.888Z [INFO]: Running cron job: Deleting expired referral points...
2025-02-18T13:29:14.552Z [INFO]: No expired points found.
2025-02-18T13:30:00.533Z [INFO]: Running cron job: Deleting expired referral points...
2025-02-18T13:30:16.342Z [INFO]: No expired points found.
2025-02-18T13:31:00.133Z [INFO]: Running cron job: Deleting expired referral points...
2025-02-18T13:31:20.062Z [ERROR]: Error in cronjob: PrismaClientKnownRequestError: 
Invalid `prisma.pointLog.findMany()` invocation in
C:\Users\User\Documents\latihan\mini-project\be-eventure\src\cronJob\expiredReferralPoint.ts:43:50

  40   });
  41 }
  42 
→ 43 const expiredPoint = await prisma.pointLog.findMany(
Can't reach database server at `aws-0-ap-southeast-1.pooler.supabase.com:6543`

Please make sure your database server is running at `aws-0-ap-southeast-1.pooler.supabase.com:6543`.
2025-02-18T13:32:00.399Z [INFO]: Running cron job: Deleting expired referral points...
2025-02-18T13:32:08.554Z [ERROR]: Error in cronjob: PrismaClientKnownRequestError: 
Invalid `prisma.pointLog.findMany()` invocation in
C:\Users\User\Documents\latihan\mini-project\be-eventure\src\cronJob\expiredReferralPoint.ts:17:50

  14 const warningThreshold = new Date();
  15 warningThreshold.setDate(now.getDate() + 3);
  16 
→ 17 const warningPoint = await prisma.pointLog.findMany(
Can't reach database server at `aws-0-ap-southeast-1.pooler.supabase.com:6543`

Please make sure your database server is running at `aws-0-ap-southeast-1.pooler.supabase.com:6543`.
2025-02-18T13:33:00.367Z [INFO]: Running cron job: Deleting expired referral points...
2025-02-18T13:33:02.767Z [INFO]: No expired points found.
2025-02-18T14:39:02.436Z [INFO]: No expired points found.
2025-02-18T14:40:02.365Z [INFO]: No expired points found.
2025-02-18T14:42:02.979Z [INFO]: No expired points found.
2025-02-18T14:46:04.369Z [INFO]: No expired points found.
2025-02-18T14:47:03.206Z [INFO]: No expired points found.
2025-02-18T14:48:22.605Z [INFO]: No expired points found.
2025-02-18T14:49:06.366Z [INFO]: No expired points found.
2025-02-18T14:51:05.362Z [INFO]: No expired points found.
2025-02-18T14:56:01.783Z [INFO]: No expired points found.
2025-02-18T14:57:02.509Z [INFO]: No expired points found.
2025-02-18T14:58:04.083Z [INFO]: No expired points found.
2025-02-18T14:59:05.508Z [INFO]: No expired points found.
2025-02-18T15:00:02.940Z [INFO]: No expired points found.
2025-02-18T15:02:02.071Z [INFO]: No expired points found.
2025-02-18T15:04:03.032Z [INFO]: No expired points found.
2025-02-18T15:05:04.013Z [INFO]: No expired points found.
2025-02-19T03:17:00.015Z [INFO]: No expired points found.
2025-02-19T03:17:58.700Z [INFO]: No expired points found.
2025-02-19T03:20:58.291Z [INFO]: No expired points found.
2025-02-19T03:21:57.906Z [INFO]: No expired points found.
2025-02-19T03:22:58.078Z [INFO]: No expired points found.
2025-02-19T03:23:57.438Z [INFO]: No expired points found.
2025-02-19T03:24:57.230Z [INFO]: No expired points found.
2025-02-19T03:25:57.667Z [INFO]: No expired points found.
2025-02-19T03:26:56.975Z [INFO]: No expired points found.
2025-02-19T03:31:58.066Z [INFO]: No expired points found.
2025-02-19T03:32:58.451Z [INFO]: No expired points found.
2025-02-19T03:33:57.486Z [INFO]: No expired points found.
2025-02-19T03:40:59.644Z [INFO]: No expired points found.
2025-02-19T03:41:57.879Z [INFO]: No expired points found.
2025-02-19T03:45:04.308Z [ERROR]: Error in cronjob: PrismaClientInitializationError: 
Invalid `prisma.pointLog.findMany()` invocation in
C:\Users\User\Documents\latihan\mini-project\be-eventure\src\cronJob\expiredReferralPoint.ts:17:50

  14 const warningThreshold = new Date();
  15 warningThreshold.setDate(now.getDate() + 3);
  16 
→ 17 const warningPoint = await prisma.pointLog.findMany(
Can't reach database server at `aws-0-ap-southeast-1.pooler.supabase.com:6543`

Please make sure your database server is running at `aws-0-ap-southeast-1.pooler.supabase.com:6543`.
2025-02-19T03:51:58.883Z [INFO]: No expired points found.
2025-02-19T03:52:57.971Z [INFO]: No expired points found.
2025-02-19T03:55:57.913Z [INFO]: No expired points found.
2025-02-19T03:56:57.326Z [INFO]: No expired points found.
2025-02-19T04:08:58.249Z [INFO]: No expired points found.
2025-02-19T04:10:57.851Z [INFO]: No expired points found.
2025-02-19T04:11:56.873Z [INFO]: No expired points found.
2025-02-19T04:15:58.571Z [INFO]: No expired points found.
2025-02-19T04:16:56.817Z [INFO]: No expired points found.
2025-02-19T04:20:57.012Z [INFO]: No expired points found.
2025-02-19T04:21:58.275Z [INFO]: No expired points found.
2025-02-19T04:22:57.258Z [INFO]: No expired points found.
2025-02-19T04:25:57.061Z [INFO]: No expired points found.
2025-02-19T04:28:00.107Z [INFO]: No expired points found.
2025-02-19T04:28:56.933Z [INFO]: No expired points found.
2025-02-19T04:29:57.442Z [INFO]: No expired points found.
2025-02-19T04:31:56.798Z [INFO]: No expired points found.
2025-02-19T04:32:58.235Z [INFO]: No expired points found.
2025-02-19T04:33:57.442Z [INFO]: No expired points found.
2025-02-19T04:34:56.631Z [INFO]: No expired points found.
2025-02-19T04:35:57.668Z [INFO]: No expired points found.
2025-02-19T04:36:57.364Z [INFO]: No expired points found.
2025-02-19T04:37:57.041Z [INFO]: No expired points found.
2025-02-19T04:42:58.296Z [INFO]: No expired points found.
2025-02-19T04:43:57.980Z [INFO]: No expired points found.
2025-02-19T04:44:57.072Z [INFO]: No expired points found.
2025-02-19T04:45:56.953Z [INFO]: No expired points found.
2025-02-19T06:20:59.130Z [INFO]: No expired points found.
2025-02-19T06:24:57.617Z [INFO]: No expired points found.
2025-02-19T06:25:56.832Z [INFO]: No expired points found.
2025-02-19T06:29:03.196Z [INFO]: No expired points found.
2025-02-19T06:31:00.757Z [INFO]: No expired points found.
2025-02-19T06:32:01.538Z [INFO]: No expired points found.
2025-02-19T06:33:01.196Z [INFO]: No expired points found.
2025-02-19T06:37:02.400Z [INFO]: No expired points found.
2025-02-19T06:39:01.550Z [INFO]: No expired points found.
2025-02-19T06:40:01.685Z [INFO]: No expired points found.
2025-02-19T06:41:01.052Z [INFO]: No expired points found.
2025-02-19T06:42:01.385Z [INFO]: No expired points found.
2025-02-19T06:43:02.954Z [INFO]: No expired points found.
2025-02-19T06:44:00.945Z [INFO]: No expired points found.
2025-02-19T06:45:01.157Z [INFO]: No expired points found.
2025-02-19T06:46:02.244Z [INFO]: No expired points found.
2025-02-19T09:34:07.951Z [ERROR]: Error in cronjob: PrismaClientInitializationError: 
Invalid `prisma.pointLog.findMany()` invocation in
C:\Users\User\Documents\latihan\mini-project\be-eventure\src\cronJob\expiredReferralPoint.ts:17:50

  14 const warningThreshold = new Date();
  15 warningThreshold.setDate(now.getDate() + 3);
  16 
→ 17 const warningPoint = await prisma.pointLog.findMany(
Can't reach database server at `aws-0-ap-southeast-1.pooler.supabase.com:6543`

Please make sure your database server is running at `aws-0-ap-southeast-1.pooler.supabase.com:6543`.
2025-02-19T09:44:05.534Z [INFO]: No expired points found.
2025-02-19T09:45:03.623Z [INFO]: No expired points found.
2025-02-19T09:48:02.044Z [INFO]: No expired points found.
2025-02-19T09:49:03.600Z [INFO]: No expired points found.
2025-02-19T09:50:01.728Z [INFO]: No expired points found.
2025-02-19T09:51:02.684Z [INFO]: No expired points found.
2025-02-19T09:58:04.788Z [INFO]: No expired points found.
2025-02-19T09:59:01.941Z [INFO]: No expired points found.
2025-02-19T17:00:00.026Z [INFO]: Running cron job: Deleting expired referral points...
2025-02-19T17:00:02.294Z [INFO]: No expired points found.
2025-02-20T16:00:06.117Z [INFO]: No expired points found.
